#
# There is insufficient memory for the Java Runtime Environment to continue.
# Native memory allocation (mmap) failed to map 268435456 bytes for Failed to commit area from 0x0000000700a00000 to 0x0000000710a00000 of length 268435456.
# Possible reasons:
#   The system is out of physical RAM or swap space
#   The process is running with CompressedOops enabled, and the Java Heap may be blocking the growth of the native heap
# Possible solutions:
#   Reduce memory load on the system
#   Increase physical memory or swap space
#   Check if swap backing store is full
#   Decrease Java heap size (-Xmx/-Xms)
#   Decrease number of Java threads
#   Decrease Java thread stack sizes (-Xss)
#   Set larger code cache with -XX:ReservedCodeCacheSize=
# This output file may be truncated or incomplete.
#
#  Out of Memory Error (./src/hotspot/os/windows/os_windows.cpp:3303), pid=6516, tid=18800
#
# JRE version:  (11.0.9+11) (build )
# Java VM: OpenJDK 64-Bit Server VM (11.0.9+11-b1145.21, mixed mode, sharing, tiered, compressed oops, g1 gc, windows-amd64)
# No core dump will be written. Minidumps are not enabled by default on client versions of Windows
#

---------------  S U M M A R Y ------------

Command Line: org.jetbrains.git4idea.http.GitAskPassApp Username for 'https://github.com': 

Host: AMD Ryzen 5 3600 6-Core Processor              , 12 cores, 15G,  Windows 10 , 64 bit Build 19041 (10.0.19041.804)
Time: Wed Mar 31 12:31:44 2021 Russia TZ 2 Standard Time elapsed time: 0.020112 seconds (0d 0h 0m 0s)

---------------  T H R E A D  ---------------

Current thread (0x0000024f22503800):  JavaThread "Unknown thread" [_thread_in_vm, id=18800, stack(0x000000f970200000,0x000000f970300000)]

Stack: [0x000000f970200000,0x000000f970300000]
Native frames: (J=compiled Java code, j=interpreted, Vv=VM code, C=native code)
V  [jvm.dll+0x5ed3ca]
V  [jvm.dll+0x722725]
V  [jvm.dll+0x723c7d]
V  [jvm.dll+0x724333]
V  [jvm.dll+0x242bd8]
V  [jvm.dll+0x5ea884]
V  [jvm.dll+0x5df995]
V  [jvm.dll+0x2fe13b]
V  [jvm.dll+0x2fe0aa]
V  [jvm.dll+0x2fdf82]
V  [jvm.dll+0x302e56]
V  [jvm.dll+0x34b583]
V  [jvm.dll+0x34bc86]
V  [jvm.dll+0x34b683]
V  [jvm.dll+0x2d8df8]
V  [jvm.dll+0x2d9f97]
V  [jvm.dll+0x701517]
V  [jvm.dll+0x702d0c]
V  [jvm.dll+0x358b39]
V  [jvm.dll+0x6e4f9e]
V  [jvm.dll+0x3c0db3]
V  [jvm.dll+0x3c2f61]
C  [jli.dll+0x5373]
C  [ucrtbase.dll+0x21bb2]
C  [KERNEL32.DLL+0x17034]
C  [ntdll.dll+0x52651]


---------------  P R O C E S S  ---------------

Threads class SMR info:
_java_thread_list=0x0000024f20265140, length=0, elements={
}

Java Threads: ( => current thread )

Other Threads:
  0x0000024f2251b800 GCTaskThread "GC Thread#0" [stack: 0x000000f970300000,0x000000f970400000] [id=4904]
  0x0000024f2257c000 ConcurrentGCThread "G1 Main Marker" [stack: 0x000000f970400000,0x000000f970500000] [id=5648]
  0x0000024f2257d800 ConcurrentGCThread "G1 Conc#0" [stack: 0x000000f970500000,0x000000f970600000] [id=13968]

[error occurred during error reporting (printing all threads), id 0xc0000005, EXCEPTION_ACCESS_VIOLATION (0xc0000005) at pc=0x00007ff8b24a9397]

VM state:not at safepoint (not fully initialized)

VM Mutex/Monitor currently owned by a thread:  ([mutex/lock_event])
[0x0000024f225000f0] Heap_lock - owner thread: 0x0000024f22503800

Heap address: 0x0000000700a00000, size: 4086 MB, Compressed Oops mode: Non-zero based: 0x0000000700a00000
Narrow klass base: 0x0000000000000000, Narrow klass shift: 0

GC Heap History (0 events):
No events

Deoptimization events (0 events):
No events

Classes redefined (0 events):
No events

Internal exceptions (0 events):
No events

Events (1 events):
Event: 0.010 Loaded shared library F:\Applications\WebStorm 2020.2.3\jbr\bin\zip.dll


Dynamic libraries:
0x00007ff7050f0000 - 0x00007ff7050fa000 	F:\Applications\WebStorm 2020.2.3\jbr\bin\java.exe
0x00007ff905790000 - 0x00007ff905985000 	C:\Windows\SYSTEM32\ntdll.dll
0x00007ff9050e0000 - 0x00007ff90519d000 	C:\Windows\System32\KERNEL32.DLL
0x00007ff9032e0000 - 0x00007ff9035a9000 	C:\Windows\System32\KERNELBASE.dll
0x00007ff900730000 - 0x00007ff9007c0000 	C:\Windows\SYSTEM32\apphelp.dll
0x00007ff9031b0000 - 0x00007ff9032b0000 	C:\Windows\System32\ucrtbase.dll
0x00007ff8ed1c0000 - 0x00007ff8ed1d9000 	F:\Applications\WebStorm 2020.2.3\jbr\bin\jli.dll
0x00007ff904f40000 - 0x00007ff9050e0000 	C:\Windows\System32\USER32.dll
0x00007ff8edda0000 - 0x00007ff8ee03a000 	C:\Windows\WinSxS\amd64_microsoft.windows.common-controls_6595b64144ccf1df_6.0.19041.844_none_ca00b6081b84eb1d\COMCTL32.dll
0x00007ff903710000 - 0x00007ff903732000 	C:\Windows\System32\win32u.dll
0x00007ff8ed1a0000 - 0x00007ff8ed1b7000 	F:\Applications\WebStorm 2020.2.3\jbr\bin\VCRUNTIME140.dll
0x00007ff905210000 - 0x00007ff90523a000 	C:\Windows\System32\GDI32.dll
0x00007ff904240000 - 0x00007ff9042de000 	C:\Windows\System32\msvcrt.dll
0x00007ff902f70000 - 0x00007ff90307b000 	C:\Windows\System32\gdi32full.dll
0x00007ff902ed0000 - 0x00007ff902f6d000 	C:\Windows\System32\msvcp_win.dll
0x00007ff905720000 - 0x00007ff905750000 	C:\Windows\System32\IMM32.DLL
0x00007ff8dc4e0000 - 0x00007ff8dc57d000 	F:\Applications\WebStorm 2020.2.3\jbr\bin\msvcp140.dll
0x00007ff8b21c0000 - 0x00007ff8b2c8e000 	F:\Applications\WebStorm 2020.2.3\jbr\bin\server\jvm.dll
0x00007ff905670000 - 0x00007ff90571c000 	C:\Windows\System32\ADVAPI32.dll
0x00007ff903ad0000 - 0x00007ff903b6c000 	C:\Windows\System32\sechost.dll
0x00007ff903ca0000 - 0x00007ff903dcb000 	C:\Windows\System32\RPCRT4.dll
0x00007ff904f30000 - 0x00007ff904f38000 	C:\Windows\System32\PSAPI.DLL
0x00007ff8fdda0000 - 0x00007ff8fddaa000 	C:\Windows\SYSTEM32\VERSION.dll
0x00007ff8fe3d0000 - 0x00007ff8fe3d9000 	C:\Windows\SYSTEM32\WSOCK32.dll
0x00007ff8f26d0000 - 0x00007ff8f26f7000 	C:\Windows\SYSTEM32\WINMM.dll
0x00007ff9051a0000 - 0x00007ff90520b000 	C:\Windows\System32\WS2_32.dll
0x00007ff900d70000 - 0x00007ff900d82000 	C:\Windows\SYSTEM32\kernel.appcore.dll
0x00007ff8f80e0000 - 0x00007ff8f80f1000 	F:\Applications\WebStorm 2020.2.3\jbr\bin\verify.dll
0x00007ff8f31d0000 - 0x00007ff8f33b4000 	C:\Windows\SYSTEM32\DBGHELP.DLL
0x00007ff8f2430000 - 0x00007ff8f245c000 	C:\Windows\SYSTEM32\dbgcore.DLL
0x00007ff903130000 - 0x00007ff9031b0000 	C:\Windows\System32\bcryptPrimitives.dll
0x00007ff8ed670000 - 0x00007ff8ed699000 	F:\Applications\WebStorm 2020.2.3\jbr\bin\java.dll
0x00007ff8f8520000 - 0x00007ff8f852b000 	F:\Applications\WebStorm 2020.2.3\jbr\bin\jimage.dll
0x00007ff8f5f20000 - 0x00007ff8f5f38000 	F:\Applications\WebStorm 2020.2.3\jbr\bin\zip.dll

dbghelp: loaded successfully - version: 4.0.5 - missing functions: none
symbol engine: initialized successfully - sym options: 0x614 - pdb path: .;F:\Applications\WebStorm 2020.2.3\jbr\bin;C:\Windows\SYSTEM32;C:\Windows\WinSxS\amd64_microsoft.windows.common-controls_6595b64144ccf1df_6.0.19041.844_none_ca00b6081b84eb1d;F:\Applications\WebStorm 2020.2.3\jbr\bin\server

VM Arguments:
java_command: org.jetbrains.git4idea.http.GitAskPassApp Username for 'https://github.com': 
java_class_path (initial): F:/Applications/WebStorm 2020.2.3/plugins/git4idea/lib/git4idea-rt.jar;F:/Applications/WebStorm 2020.2.3/lib/xmlrpc-2.0.1.jar;F:/Applications/WebStorm 2020.2.3/lib/commons-codec-1.14.jar
Launcher Type: SUN_STANDARD

[Global flags]
     intx CICompilerCount                          = 4                                         {product} {ergonomic}
     uint ConcGCThreads                            = 3                                         {product} {ergonomic}
     uint G1ConcRefinementThreads                  = 10                                        {product} {ergonomic}
   size_t G1HeapRegionSize                         = 1048576                                   {product} {ergonomic}
    uintx GCDrainStackTargetSize                   = 64                                        {product} {ergonomic}
   size_t InitialHeapSize                          = 268435456                                 {product} {ergonomic}
   size_t MarkStackSize                            = 4194304                                   {product} {ergonomic}
   size_t MaxHeapSize                              = 4284481536                                {product} {ergonomic}
   size_t MinHeapDeltaBytes                        = 1048576                                   {product} {ergonomic}
    uintx NonNMethodCodeHeapSize                   = 5836300                                {pd product} {ergonomic}
    uintx NonProfiledCodeHeapSize                  = 122910970                              {pd product} {ergonomic}
    uintx ProfiledCodeHeapSize                     = 122910970                              {pd product} {ergonomic}
    uintx ReservedCodeCacheSize                    = 251658240                              {pd product} {ergonomic}
     bool SegmentedCodeCache                       = true                                      {product} {ergonomic}
     bool UseCompressedClassPointers               = true                                 {lp64_product} {ergonomic}
     bool UseCompressedOops                        = true                                 {lp64_product} {ergonomic}
     bool UseG1GC                                  = true                                      {product} {ergonomic}
     bool UseLargePagesIndividualAllocation        = false                                  {pd product} {ergonomic}

Logging:
Log output configuration:
 #0: stdout all=warning uptime,level,tags
 #1: stderr all=off uptime,level,tags

Environment Variables:
PATH=F:/Applications/Git/mingw64/libexec/git-core;F:/Applications/Git/mingw64/libexec/git-core;F:\Applications\Git\mingw64\bin;F:\Applications\Git\usr\bin;C:\Users\engli\bin;F:\Applications\vmware\bin\;C:\Windows\system32;C:\Windows;C:\Windows\System32\Wbem;C:\Windows\System32\WindowsPowerShell\v1.0\;C:\Windows\System32\OpenSSH\;F:\Applications\Git\cmd;F:\Applications\nodejs\;C:\Program Files (x86)\NVIDIA Corporation\PhysX\Common;F:\Applications\yarn\bin\;C:\Users\engli\.windows-build-tools\python27\;C:\Users\engli\AppData\Local\Programs\Python\Python39\Scripts\;C:\Users\engli\AppData\Local\Programs\Python\Python39\;C:\Users\engli\AppData\Local\Microsoft\WindowsApps;C:\Users\engli\AppData\Roaming\npm;F:\Applications\Microsoft VS Code\bin;C:\Users\engli\AppData\Local\Yarn\bin
USERNAME=engli
DISPLAY=:0.0
LC_ALL=en_US.UTF-8
OS=Windows_NT
PROCESSOR_IDENTIFIER=AMD64 Family 23 Model 113 Stepping 0, AuthenticAMD



---------------  S Y S T E M  ---------------

OS: Windows 10 , 64 bit Build 19041 (10.0.19041.804)
OS uptime: 3 days 21:11 hours

CPU:total 12 (initial active 12) (12 cores per cpu, 2 threads per core) family 23 model 113 stepping 0, cmov, cx8, fxsr, mmx, sse, sse2, sse3, ssse3, sse4.1, sse4.2, popcnt, avx, avx2, aes, clmul, mmxext, 3dnowpref, lzcnt, sse4a, ht, tsc, tscinvbit, tscinv, bmi1, bmi2, adx, sha, fma

Memory: 4k page, system-wide physical 16337M (531M free)
TotalPageFile size 30569M (AvailPageFile size 44M)
current process WorkingSet (physical memory assigned to process): 10M, peak: 10M
current process commit charge ("private bytes"): 64M, peak: 320M

vm_info: OpenJDK 64-Bit Server VM (11.0.9+11-b1145.21) for windows-amd64 JRE (11.0.9+11-b1145.21), built on Nov 21 2020 14:37:09 by "" with MS VC++ 14.0 (VS2015)

END.
